# JRE version: Java(TM) SE Runtime Environment (8.0_151-b12) (build 1.8.0_151-b12)
# Java VM: Java HotSpot(TM) 64-Bit Server VM (25.151-b12 mixed mode windows-amd64 compressed oops)
Heap:
 PSYoungGen      total 37888K, used 15521K [0x00000000d6000000, 0x00000000da500000, 0x0000000100000000)
  eden space 32768K, 36% used [0x00000000d6000000,0x00000000d6bcd928,0x00000000d8000000)
  from space 5120K, 67% used [0x00000000d8000000,0x00000000d835acf8,0x00000000d8500000)
  to   space 9216K, 0% used [0x00000000d9c00000,0x00000000d9c00000,0x00000000da500000)
 ParOldGen       total 55808K, used 6953K [0x0000000082000000, 0x0000000085680000, 0x00000000d6000000)
  object space 55808K, 12% used [0x0000000082000000,0x00000000826ca690,0x0000000085680000)
 Metaspace       used 21984K, capacity 24004K, committed 24064K, reserved 1071104K
  class space    used 2955K, capacity 3322K, committed 3328K, reserved 1048576K
GC Heap History (10 events):
Event: 1.890 GC heap before
{Heap before GC invocations=2 (full 0):
 PSYoungGen      total 37888K, used 37825K [0x00000000d6000000, 0x00000000d8a00000, 0x0000000100000000)
  eden space 32768K, 100% used [0x00000000d6000000,0x00000000d8000000,0x00000000d8000000)
  from space 5120K, 98% used [0x00000000d8000000,0x00000000d84f0628,0x00000000d8500000)
  to   space 5120K, 0% used [0x00000000d8500000,0x00000000d8500000,0x00000000d8a00000)
 ParOldGen       total 86016K, used 16K [0x0000000082000000, 0x0000000087400000, 0x00000000d6000000)
  object space 86016K, 0% used [0x0000000082000000,0x0000000082004000,0x0000000087400000)
 Metaspace       used 15094K, capacity 16226K, committed 16256K, reserved 1062912K
  class space    used 1934K, capacity 2161K, committed 2176K, reserved 1048576K
Event: 1.901 GC heap after
Heap after GC invocations=2 (full 0):
 PSYoungGen      total 37888K, used 5098K [0x00000000d6000000, 0x00000000d8a00000, 0x0000000100000000)
  eden space 32768K, 0% used [0x00000000d6000000,0x00000000d6000000,0x00000000d8000000)
  from space 5120K, 99% used [0x00000000d8500000,0x00000000d89fa9e8,0x00000000d8a00000)
  to   space 5120K, 0% used [0x00000000d8000000,0x00000000d8000000,0x00000000d8500000)
 ParOldGen       total 86016K, used 1722K [0x0000000082000000, 0x0000000087400000, 0x00000000d6000000)
  object space 86016K, 2% used [0x0000000082000000,0x00000000821ae910,0x0000000087400000)
 Metaspace       used 15094K, capacity 16226K, committed 16256K, reserved 1062912K
  class space    used 1934K, capacity 2161K, committed 2176K, reserved 1048576K
}
Event: 2.756 GC heap before
{Heap before GC invocations=3 (full 0):
 PSYoungGen      total 37888K, used 37866K [0x00000000d6000000, 0x00000000d8a00000, 0x0000000100000000)
  eden space 32768K, 100% used [0x00000000d6000000,0x00000000d8000000,0x00000000d8000000)
  from space 5120K, 99% used [0x00000000d8500000,0x00000000d89fa9e8,0x00000000d8a00000)
  to   space 5120K, 0% used [0x00000000d8000000,0x00000000d8000000,0x00000000d8500000)
 ParOldGen       total 86016K, used 1722K [0x0000000082000000, 0x0000000087400000, 0x00000000d6000000)
  object space 86016K, 2% used [0x0000000082000000,0x00000000821ae910,0x0000000087400000)
 Metaspace       used 18897K, capacity 20574K, committed 20864K, reserved 1067008K
  class space    used 2539K, capacity 2865K, committed 2944K, reserved 1048576K
Event: 2.765 GC heap after
Heap after GC invocations=3 (full 0):
 PSYoungGen      total 37888K, used 5104K [0x00000000d6000000, 0x00000000d8a00000, 0x0000000100000000)
  eden space 32768K, 0% used [0x00000000d6000000,0x00000000d6000000,0x00000000d8000000)
  from space 5120K, 99% used [0x00000000d8000000,0x00000000d84fc030,0x00000000d8500000)
  to   space 5120K, 0% used [0x00000000d8500000,0x00000000d8500000,0x00000000d8a00000)
 ParOldGen       total 86016K, used 4735K [0x0000000082000000, 0x0000000087400000, 0x00000000d6000000)
  object space 86016K, 5% used [0x0000000082000000,0x000000008249ff10,0x0000000087400000)
 Metaspace       used 18897K, capacity 20574K, committed 20864K, reserved 1067008K
  class space    used 2539K, capacity 2865K, committed 2944K, reserved 1048576K
}
Event: 2.900 GC heap before
{Heap before GC invocations=4 (full 0):
 PSYoungGen      total 37888K, used 22256K [0x00000000d6000000, 0x00000000d8a00000, 0x0000000100000000)
  eden space 32768K, 52% used [0x00000000d6000000,0x00000000d70c00a8,0x00000000d8000000)
  from space 5120K, 99% used [0x00000000d8000000,0x00000000d84fc030,0x00000000d8500000)
  to   space 5120K, 0% used [0x00000000d8500000,0x00000000d8500000,0x00000000d8a00000)
 ParOldGen       total 86016K, used 4735K [0x0000000082000000, 0x0000000087400000, 0x00000000d6000000)
  object space 86016K, 5% used [0x0000000082000000,0x000000008249ff10,0x0000000087400000)
 Metaspace       used 19547K, capacity 21220K, committed 21296K, reserved 1067008K
  class space    used 2612K, capacity 2918K, committed 2944K, reserved 1048576K
Event: 2.906 GC heap after
Heap after GC invocations=4 (full 0):
 PSYoungGen      total 37888K, used 5088K [0x00000000d6000000, 0x00000000d8a00000, 0x0000000100000000)
  eden space 32768K, 0% used [0x00000000d6000000,0x00000000d6000000,0x00000000d8000000)
  from space 5120K, 99% used [0x00000000d8500000,0x00000000d89f8020,0x00000000d8a00000)
  to   space 5120K, 0% used [0x00000000d8000000,0x00000000d8000000,0x00000000d8500000)
 ParOldGen       total 86016K, used 6396K [0x0000000082000000, 0x0000000087400000, 0x00000000d6000000)
  object space 86016K, 7% used [0x0000000082000000,0x000000008263f080,0x0000000087400000)
 Metaspace       used 19547K, capacity 21220K, committed 21296K, reserved 1067008K
  class space    used 2612K, capacity 2918K, committed 2944K, reserved 1048576K
}
Event: 2.906 GC heap before
{Heap before GC invocations=5 (full 1):
 PSYoungGen      total 37888K, used 5088K [0x00000000d6000000, 0x00000000d8a00000, 0x0000000100000000)
  eden space 32768K, 0% used [0x00000000d6000000,0x00000000d6000000,0x00000000d8000000)
  from space 5120K, 99% used [0x00000000d8500000,0x00000000d89f8020,0x00000000d8a00000)
  to   space 5120K, 0% used [0x00000000d8000000,0x00000000d8000000,0x00000000d8500000)
 ParOldGen       total 86016K, used 6396K [0x0000000082000000, 0x0000000087400000, 0x00000000d6000000)
  object space 86016K, 7% used [0x0000000082000000,0x000000008263f080,0x0000000087400000)
 Metaspace       used 19547K, capacity 21220K, committed 21296K, reserved 1067008K
  class space    used 2612K, capacity 2918K, committed 2944K, reserved 1048576K
Event: 2.936 GC heap after
Heap after GC invocations=5 (full 1):
 PSYoungGen      total 37888K, used 0K [0x00000000d6000000, 0x00000000d8a00000, 0x0000000100000000)
  eden space 32768K, 0% used [0x00000000d6000000,0x00000000d6000000,0x00000000d8000000)
  from space 5120K, 0% used [0x00000000d8500000,0x00000000d8500000,0x00000000d8a00000)
  to   space 5120K, 0% used [0x00000000d8000000,0x00000000d8000000,0x00000000d8500000)
 ParOldGen       total 55808K, used 6945K [0x0000000082000000, 0x0000000085680000, 0x00000000d6000000)
  object space 55808K, 12% used [0x0000000082000000,0x00000000826c8690,0x0000000085680000)
 Metaspace       used 19547K, capacity 21220K, committed 21296K, reserved 1067008K
  class space    used 2612K, capacity 2918K, committed 2944K, reserved 1048576K
}
Event: 3.371 GC heap before
{Heap before GC invocations=6 (full 1):
 PSYoungGen      total 37888K, used 32768K [0x00000000d6000000, 0x00000000d8a00000, 0x0000000100000000)
  eden space 32768K, 100% used [0x00000000d6000000,0x00000000d8000000,0x00000000d8000000)
  from space 5120K, 0% used [0x00000000d8500000,0x00000000d8500000,0x00000000d8a00000)
  to   space 5120K, 0% used [0x00000000d8000000,0x00000000d8000000,0x00000000d8500000)
 ParOldGen       total 55808K, used 6945K [0x0000000082000000, 0x0000000085680000, 0x00000000d6000000)
  object space 55808K, 12% used [0x0000000082000000,0x00000000826c8690,0x0000000085680000)
 Metaspace       used 21708K, capacity 23710K, committed 23808K, reserved 1069056K
  class space    used 2918K, capacity 3275K, committed 3328K, reserved 1048576K
Event: 3.374 GC heap after
Heap after GC invocations=6 (full 1):
 PSYoungGen      total 37888K, used 3435K [0x00000000d6000000, 0x00000000da500000, 0x0000000100000000)
  eden space 32768K, 0% used [0x00000000d6000000,0x00000000d6000000,0x00000000d8000000)
  from space 5120K, 67% used [0x00000000d8000000,0x00000000d835acf8,0x00000000d8500000)
  to   space 9216K, 0% used [0x00000000d9c00000,0x00000000d9c00000,0x00000000da500000)
 ParOldGen       total 55808K, used 6953K [0x0000000082000000, 0x0000000085680000, 0x00000000d6000000)
  object space 55808K, 12% used [0x0000000082000000,0x00000000826ca690,0x0000000085680000)
 Metaspace       used 21708K, capacity 23710K, committed 23808K, reserved 1069056K
  class space    used 2918K, capacity 3275K, committed 3328K, reserved 1048576K
}

